<?xml version="1.0" encoding="UTF-8"?>
<!-- Generated by org.testng.reporters.JUnitReportReporter -->
<testsuite hostname="Ajay" failures="0" tests="1" name="pack.OrangeHRM" time="25.211" errors="0" timestamp="2023-11-07T09:49:30 IST" skipped="0">
  <testcase classname="pack.OrangeHRM" name="logintext" time="25.211"/>
  <system-out/>
</testsuite> <!-- pack.OrangeHRM -->
